# Logfile created on 2018-04-07 14:40:48 +0530 by logger.rb/56815
[2018-04-07T14:40:51+05:30] INFO: Started chef-zero at chefzero://localhost:1 with repository at C:/Chef/chef-repo
  One version per cookbook
  environments at C:/#C:/Chef/chef-repo/environments

[2018-04-07T14:40:51+05:30] INFO: *** Chef 13.8.5 ***
[2018-04-07T14:40:51+05:30] INFO: Platform: x64-mingw32
[2018-04-07T14:40:51+05:30] INFO: Chef-client pid: 67304
[2018-04-07T14:40:51+05:30] INFO: The plugin path C:\chef\ohai\plugins does not exist. Skipping...
[2018-04-07T14:41:03+05:30] INFO: Setting the run_list to ["recipe[filewrite::default]"] from CLI options
[2018-04-07T14:41:03+05:30] INFO: Run List is [recipe[filewrite::default]]
[2018-04-07T14:41:03+05:30] INFO: Run List expands to [filewrite::default]
[2018-04-07T14:41:03+05:30] INFO: Starting Chef Run for TAVDESK093.internal.tavisca.com
[2018-04-07T14:41:03+05:30] INFO: Running start handlers
[2018-04-07T14:41:03+05:30] INFO: Start handlers complete.
[2018-04-07T14:41:03+05:30] ERROR: Running exception handlers
[2018-04-07T14:41:03+05:30] ERROR: Exception handlers complete
[2018-04-07T14:41:03+05:30] FATAL: Stacktrace dumped to C:/Chef/chef-repo/.chef/cache/chef-stacktrace.out
[2018-04-07T14:41:03+05:30] FATAL: Please provide the contents of the stacktrace.out file if you file a bug report
[2018-04-07T14:41:03+05:30] FATAL: Net::HTTPServerException: 412 "Precondition Failed"
[2018-04-07T14:42:58+05:30] INFO: Started chef-zero at chefzero://localhost:1 with repository at C:/Chef/chef-repo
  One version per cookbook
  environments at C:/#C:/Chef/chef-repo/environments

[2018-04-07T14:42:58+05:30] INFO: *** Chef 13.8.5 ***
[2018-04-07T14:42:58+05:30] INFO: Platform: x64-mingw32
[2018-04-07T14:42:58+05:30] INFO: Chef-client pid: 69900
[2018-04-07T14:42:58+05:30] INFO: The plugin path C:\chef\ohai\plugins does not exist. Skipping...
[2018-04-07T14:43:05+05:30] INFO: Setting the run_list to ["recipe[filewrite::default]"] from CLI options
[2018-04-07T14:43:05+05:30] INFO: Run List is [recipe[filewrite::default]]
[2018-04-07T14:43:05+05:30] INFO: Run List expands to [filewrite::default]
[2018-04-07T14:43:05+05:30] INFO: Starting Chef Run for TAVDESK093.internal.tavisca.com
[2018-04-07T14:43:05+05:30] INFO: Running start handlers
[2018-04-07T14:43:05+05:30] INFO: Start handlers complete.
[2018-04-07T14:43:06+05:30] INFO: Loading cookbooks [filewrite@0.1.0]
[2018-04-07T14:43:06+05:30] INFO: Storing updated cookbooks/filewrite/chefignore in the cache.
[2018-04-07T14:43:06+05:30] INFO: Storing updated cookbooks/filewrite/.gitignore in the cache.
[2018-04-07T14:43:06+05:30] INFO: Storing updated cookbooks/filewrite/Berksfile in the cache.
[2018-04-07T14:43:06+05:30] INFO: Storing updated cookbooks/filewrite/LICENSE in the cache.
[2018-04-07T14:43:06+05:30] INFO: Storing updated cookbooks/filewrite/spec/spec_helper.rb in the cache.
[2018-04-07T14:43:06+05:30] INFO: Storing updated cookbooks/filewrite/recipes/default.rb in the cache.
[2018-04-07T14:43:06+05:30] INFO: Storing updated cookbooks/filewrite/.kitchen.yml in the cache.
[2018-04-07T14:43:06+05:30] INFO: Storing updated cookbooks/filewrite/README.md in the cache.
[2018-04-07T14:43:06+05:30] INFO: Storing updated cookbooks/filewrite/metadata.rb in the cache.
[2018-04-07T14:43:06+05:30] INFO: Storing updated cookbooks/filewrite/spec/unit/recipes/default_spec.rb in the cache.
[2018-04-07T14:43:06+05:30] INFO: Storing updated cookbooks/filewrite/test/integration/default/default_test.rb in the cache.
[2018-04-07T14:43:06+05:30] ERROR: Running exception handlers
[2018-04-07T14:43:06+05:30] ERROR: Exception handlers complete
[2018-04-07T14:43:06+05:30] FATAL: Stacktrace dumped to C:/Chef/chef-repo/.chef/cache/chef-stacktrace.out
[2018-04-07T14:43:06+05:30] FATAL: Please provide the contents of the stacktrace.out file if you file a bug report
[2018-04-07T14:43:06+05:30] FATAL: NoMethodError: undefined method `File' for cookbook: filewrite, recipe: default :Chef::Recipe
Did you mean?  fail
[2018-04-07T14:45:48+05:30] INFO: Started chef-zero at chefzero://localhost:1 with repository at C:/Chef/chef-repo
  One version per cookbook
  environments at C:/#C:/Chef/chef-repo/environments

[2018-04-07T14:45:49+05:30] INFO: *** Chef 13.8.5 ***
[2018-04-07T14:45:49+05:30] INFO: Platform: x64-mingw32
[2018-04-07T14:45:49+05:30] INFO: Chef-client pid: 73556
[2018-04-07T14:45:49+05:30] INFO: The plugin path C:\chef\ohai\plugins does not exist. Skipping...
[2018-04-07T14:45:55+05:30] INFO: Setting the run_list to ["recipe[filewrite::default]"] from CLI options
[2018-04-07T14:45:55+05:30] INFO: Run List is [recipe[filewrite::default]]
[2018-04-07T14:45:55+05:30] INFO: Run List expands to [filewrite::default]
[2018-04-07T14:45:55+05:30] INFO: Starting Chef Run for TAVDESK093.internal.tavisca.com
[2018-04-07T14:45:55+05:30] INFO: Running start handlers
[2018-04-07T14:45:55+05:30] INFO: Start handlers complete.
[2018-04-07T14:45:55+05:30] INFO: Loading cookbooks [filewrite@0.1.0]
[2018-04-07T14:45:56+05:30] INFO: Storing updated cookbooks/filewrite/recipes/default.rb in the cache.
[2018-04-07T14:45:56+05:30] INFO: Processing file[c:/Standon.txt] action create (filewrite::default line 6)
[2018-04-07T14:45:56+05:30] INFO: file[c:/Standon.txt] created file c:/Standon.txt
[2018-04-07T14:45:56+05:30] INFO: file[c:/Standon.txt] updated file contents c:/Standon.txt
[2018-04-07T14:45:56+05:30] INFO: Chef Run complete in 0.524588 seconds
[2018-04-07T14:45:56+05:30] INFO: Running report handlers
[2018-04-07T14:45:56+05:30] INFO: Report handlers complete
[2018-04-07T14:45:56+05:30] WARN: *****************************************
[2018-04-07T14:45:56+05:30] WARN: Did not find config file: C:/solo.rb, using command line options.
[2018-04-07T14:45:56+05:30] WARN: *****************************************
[2018-04-07T14:45:56+05:30] FATAL: Cannot load configuration from .\node.json
[2018-04-07T14:56:43+05:30] INFO: Started chef-zero at chefzero://localhost:1 with repository at C:/Chef/chef-repo
  One version per cookbook
  environments at C:/#C:/Chef/chef-repo/environments

[2018-04-07T14:56:43+05:30] INFO: *** Chef 13.8.5 ***
[2018-04-07T14:56:43+05:30] INFO: Platform: x64-mingw32
[2018-04-07T14:56:43+05:30] INFO: Chef-client pid: 73052
[2018-04-07T14:56:43+05:30] INFO: The plugin path C:\chef\ohai\plugins does not exist. Skipping...
[2018-04-07T14:56:50+05:30] INFO: Setting the run_list to ["recipe[filewrite::default]"] from CLI options
[2018-04-07T14:56:50+05:30] INFO: Run List is [recipe[filewrite::default]]
[2018-04-07T14:56:50+05:30] INFO: Run List expands to [filewrite::default]
[2018-04-07T14:56:50+05:30] INFO: Starting Chef Run for TAVDESK093.internal.tavisca.com
[2018-04-07T14:56:50+05:30] INFO: Running start handlers
[2018-04-07T14:56:50+05:30] INFO: Start handlers complete.
[2018-04-07T14:56:50+05:30] INFO: Loading cookbooks [filewrite@0.1.0]
[2018-04-07T14:56:50+05:30] INFO: Storing updated cookbooks/filewrite/attributes/file.rb in the cache.
[2018-04-07T14:56:50+05:30] INFO: Storing updated cookbooks/filewrite/recipes/default.rb in the cache.
[2018-04-07T14:56:50+05:30] INFO: Processing file[c:/Standon.txt] action create (filewrite::default line 6)
[2018-04-07T14:56:50+05:30] INFO: file[c:/Standon.txt] backed up to c:\chef\chef-repo\local-mode-cache\backup/Standon.txt.chef-20180407145650.550149
[2018-04-07T14:56:50+05:30] INFO: file[c:/Standon.txt] updated file contents c:/Standon.txt
[2018-04-07T14:56:50+05:30] INFO: Chef Run complete in 0.508862 seconds
[2018-04-07T14:56:50+05:30] INFO: Running report handlers
[2018-04-07T14:56:50+05:30] INFO: Report handlers complete
[2018-04-07T14:56:50+05:30] WARN: *****************************************
[2018-04-07T14:56:50+05:30] WARN: Did not find config file: C:/solo.rb, using command line options.
[2018-04-07T14:56:50+05:30] WARN: *****************************************
[2018-04-07T14:56:50+05:30] FATAL: Cannot load configuration from .\node.json
[2018-04-07T16:23:34+05:30] INFO: Started chef-zero at chefzero://localhost:1 with repository at C:/Chef/chef-repo
  One version per cookbook
  environments at C:/#C:/Chef/chef-repo/environments

[2018-04-07T16:23:34+05:30] INFO: *** Chef 13.8.5 ***
[2018-04-07T16:23:34+05:30] INFO: Platform: x64-mingw32
[2018-04-07T16:23:34+05:30] INFO: Chef-client pid: 75700
[2018-04-07T16:23:34+05:30] INFO: The plugin path C:\chef\ohai\plugins does not exist. Skipping...
[2018-04-07T16:23:41+05:30] INFO: Setting the run_list to ["recipe[filewrite::default]"] from CLI options
[2018-04-07T16:23:41+05:30] INFO: Run List is [recipe[filewrite::default]]
[2018-04-07T16:23:41+05:30] INFO: Run List expands to [filewrite::default]
[2018-04-07T16:23:41+05:30] INFO: Starting Chef Run for TAVDESK093.internal.tavisca.com
[2018-04-07T16:23:41+05:30] INFO: Running start handlers
[2018-04-07T16:23:41+05:30] INFO: Start handlers complete.
[2018-04-07T16:23:41+05:30] INFO: Loading cookbooks [filewrite@0.1.0]
[2018-04-07T16:23:41+05:30] INFO: Storing updated cookbooks/filewrite/recipes/default.rb in the cache.
[2018-04-07T16:23:41+05:30] INFO: Processing file[Modified by attributes] action create (filewrite::default line 6)
[2018-04-07T16:23:41+05:30] INFO: file[Modified by attributes] created file Modified by attributes
[2018-04-07T16:23:41+05:30] INFO: file[Modified by attributes] updated file contents Modified by attributes
[2018-04-07T16:23:41+05:30] INFO: Chef Run complete in 0.576509 seconds
[2018-04-07T16:23:41+05:30] INFO: Running report handlers
[2018-04-07T16:23:41+05:30] INFO: Report handlers complete
[2018-04-07T16:23:41+05:30] WARN: *****************************************
[2018-04-07T16:23:41+05:30] WARN: Did not find config file: C:/solo.rb, using command line options.
[2018-04-07T16:23:41+05:30] WARN: *****************************************
[2018-04-07T16:23:41+05:30] FATAL: Cannot load configuration from .\node.json
[2018-04-07T16:34:39+05:30] INFO: Started chef-zero at chefzero://localhost:1 with repository at C:/Chef/chef-repo
  One version per cookbook
  environments at C:/#C:/Chef/chef-repo/environments

[2018-04-07T16:34:39+05:30] INFO: *** Chef 13.8.5 ***
[2018-04-07T16:34:39+05:30] INFO: Platform: x64-mingw32
[2018-04-07T16:34:39+05:30] INFO: Chef-client pid: 76228
[2018-04-07T16:34:39+05:30] INFO: The plugin path C:\chef\ohai\plugins does not exist. Skipping...
[2018-04-07T16:34:46+05:30] INFO: Setting the run_list to ["recipe[filewrite::default]"] from CLI options
[2018-04-07T16:34:46+05:30] INFO: Run List is [recipe[filewrite::default]]
[2018-04-07T16:34:46+05:30] INFO: Run List expands to [filewrite::default]
[2018-04-07T16:34:46+05:30] INFO: Starting Chef Run for TAVDESK093.internal.tavisca.com
[2018-04-07T16:34:46+05:30] INFO: Running start handlers
[2018-04-07T16:34:46+05:30] INFO: Start handlers complete.
[2018-04-07T16:34:46+05:30] INFO: Loading cookbooks [filewrite@0.1.0]
[2018-04-07T16:34:46+05:30] INFO: Storing updated cookbooks/filewrite/templates/default/file.erb in the cache.
[2018-04-07T16:34:46+05:30] INFO: Storing updated cookbooks/filewrite/recipes/default.rb in the cache.
[2018-04-07T16:34:46+05:30] INFO: Processing file[Modified by attributes] action create (filewrite::default line 6)
[2018-04-07T16:34:46+05:30] INFO: Processing template[Modified by attributes] action create (filewrite::default line 10)
[2018-04-07T16:34:47+05:30] INFO: Running queued delayed notifications before re-raising exception
[2018-04-07T16:34:47+05:30] ERROR: Running exception handlers
[2018-04-07T16:34:47+05:30] ERROR: Exception handlers complete
[2018-04-07T16:34:47+05:30] FATAL: Stacktrace dumped to C:/Chef/chef-repo/.chef/cache/chef-stacktrace.out
[2018-04-07T16:34:47+05:30] FATAL: Please provide the contents of the stacktrace.out file if you file a bug report
[2018-04-07T16:34:47+05:30] FATAL: Chef::Exceptions::FileNotFound: template[Modified by attributes] (filewrite::default line 10) had an error: Chef::Exceptions::FileNotFound: Cookbook 'filewrite' (0.1.0) does not contain a file at any of these locations:
  templates/windows-10.0.16299/Modified by attributes.erb
  templates/windows/Modified by attributes.erb
  templates/default/Modified by attributes.erb
  templates/Modified by attributes.erb

This cookbook _does_ contain: ['templates/default/file.erb']
[2018-04-07T16:38:23+05:30] INFO: Started chef-zero at chefzero://localhost:1 with repository at C:/Chef/chef-repo
  One version per cookbook
  environments at C:/#C:/Chef/chef-repo/environments

[2018-04-07T16:38:23+05:30] INFO: *** Chef 13.8.5 ***
[2018-04-07T16:38:23+05:30] INFO: Platform: x64-mingw32
[2018-04-07T16:38:23+05:30] INFO: Chef-client pid: 74888
[2018-04-07T16:38:23+05:30] INFO: The plugin path C:\chef\ohai\plugins does not exist. Skipping...
[2018-04-07T16:38:29+05:30] INFO: Setting the run_list to ["recipe[filewrite::default]"] from CLI options
[2018-04-07T16:38:29+05:30] INFO: Run List is [recipe[filewrite::default]]
[2018-04-07T16:38:29+05:30] INFO: Run List expands to [filewrite::default]
[2018-04-07T16:38:29+05:30] INFO: Starting Chef Run for TAVDESK093.internal.tavisca.com
[2018-04-07T16:38:29+05:30] INFO: Running start handlers
[2018-04-07T16:38:29+05:30] INFO: Start handlers complete.
[2018-04-07T16:38:30+05:30] INFO: Loading cookbooks [filewrite@0.1.0]
[2018-04-07T16:38:30+05:30] INFO: Storing updated cookbooks/filewrite/recipes/default.rb in the cache.
[2018-04-07T16:38:30+05:30] INFO: Processing file[Modified by attributes] action create (filewrite::default line 6)
[2018-04-07T16:38:30+05:30] INFO: Processing template[Modified by attributes] action create (filewrite::default line 11)
[2018-04-07T16:38:30+05:30] INFO: Running queued delayed notifications before re-raising exception
[2018-04-07T16:38:30+05:30] ERROR: Running exception handlers
[2018-04-07T16:38:30+05:30] ERROR: Exception handlers complete
[2018-04-07T16:38:30+05:30] FATAL: Stacktrace dumped to C:/Chef/chef-repo/.chef/cache/chef-stacktrace.out
[2018-04-07T16:38:30+05:30] FATAL: Please provide the contents of the stacktrace.out file if you file a bug report
[2018-04-07T16:38:30+05:30] FATAL: Chef::Exceptions::FileNotFound: template[Modified by attributes] (filewrite::default line 11) had an error: Chef::Exceptions::FileNotFound: Cookbook 'filewrite' (0.1.0) does not contain a file at any of these locations:
  templates/windows-10.0.16299/Modified by attributes.erb
  templates/windows/Modified by attributes.erb
  templates/default/Modified by attributes.erb
  templates/Modified by attributes.erb

This cookbook _does_ contain: ['templates/default/file.erb']
[2018-04-07T16:38:47+05:30] INFO: Started chef-zero at chefzero://localhost:1 with repository at C:/Chef/chef-repo
  One version per cookbook
  environments at C:/#C:/Chef/chef-repo/environments

[2018-04-07T16:38:47+05:30] INFO: *** Chef 13.8.5 ***
[2018-04-07T16:38:47+05:30] INFO: Platform: x64-mingw32
[2018-04-07T16:38:47+05:30] INFO: Chef-client pid: 75460
[2018-04-07T16:38:47+05:30] INFO: The plugin path C:\chef\ohai\plugins does not exist. Skipping...
[2018-04-07T16:38:53+05:30] INFO: Setting the run_list to ["recipe[filewrite::default]"] from CLI options
[2018-04-07T16:38:53+05:30] INFO: Run List is [recipe[filewrite::default]]
[2018-04-07T16:38:53+05:30] INFO: Run List expands to [filewrite::default]
[2018-04-07T16:38:53+05:30] INFO: Starting Chef Run for TAVDESK093.internal.tavisca.com
[2018-04-07T16:38:53+05:30] INFO: Running start handlers
[2018-04-07T16:38:53+05:30] INFO: Start handlers complete.
[2018-04-07T16:38:54+05:30] INFO: Loading cookbooks [filewrite@0.1.0]
[2018-04-07T16:38:54+05:30] INFO: Processing file[Modified by attributes] action create (filewrite::default line 6)
[2018-04-07T16:38:54+05:30] INFO: Processing template[Modified by attributes] action create (filewrite::default line 11)
[2018-04-07T16:38:54+05:30] INFO: Running queued delayed notifications before re-raising exception
[2018-04-07T16:38:54+05:30] ERROR: Running exception handlers
[2018-04-07T16:38:54+05:30] ERROR: Exception handlers complete
[2018-04-07T16:38:54+05:30] FATAL: Stacktrace dumped to C:/Chef/chef-repo/.chef/cache/chef-stacktrace.out
[2018-04-07T16:38:54+05:30] FATAL: Please provide the contents of the stacktrace.out file if you file a bug report
[2018-04-07T16:38:54+05:30] FATAL: Chef::Exceptions::FileNotFound: template[Modified by attributes] (filewrite::default line 11) had an error: Chef::Exceptions::FileNotFound: Cookbook 'filewrite' (0.1.0) does not contain a file at any of these locations:
  templates/windows-10.0.16299/Modified by attributes.erb
  templates/windows/Modified by attributes.erb
  templates/default/Modified by attributes.erb
  templates/Modified by attributes.erb

This cookbook _does_ contain: ['templates/default/file.erb']
[2018-04-07T16:43:32+05:30] INFO: Started chef-zero at chefzero://localhost:1 with repository at C:/Chef/chef-repo
  One version per cookbook
  environments at C:/#C:/Chef/chef-repo/environments

[2018-04-07T16:43:32+05:30] INFO: *** Chef 13.8.5 ***
[2018-04-07T16:43:32+05:30] INFO: Platform: x64-mingw32
[2018-04-07T16:43:32+05:30] INFO: Chef-client pid: 76224
[2018-04-07T16:43:32+05:30] INFO: The plugin path C:\chef\ohai\plugins does not exist. Skipping...
[2018-04-07T16:43:39+05:30] INFO: Setting the run_list to ["recipe[filewrite::default]"] from CLI options
[2018-04-07T16:43:39+05:30] INFO: Run List is [recipe[filewrite::default]]
[2018-04-07T16:43:39+05:30] INFO: Run List expands to [filewrite::default]
[2018-04-07T16:43:39+05:30] INFO: Starting Chef Run for TAVDESK093.internal.tavisca.com
[2018-04-07T16:43:39+05:30] INFO: Running start handlers
[2018-04-07T16:43:39+05:30] INFO: Start handlers complete.
[2018-04-07T16:43:39+05:30] INFO: Loading cookbooks [filewrite@0.1.0]
[2018-04-07T16:43:39+05:30] INFO: Storing updated cookbooks/filewrite/attributes/file.rb in the cache.
[2018-04-07T16:43:39+05:30] INFO: Storing updated cookbooks/filewrite/recipes/default.rb in the cache.
[2018-04-07T16:43:39+05:30] INFO: Processing file[C:/Standon.txt] action create (filewrite::default line 6)
[2018-04-07T16:43:39+05:30] INFO: file[C:/Standon.txt] backed up to c:\chef\chef-repo\local-mode-cache\backup/Standon.txt.chef-20180407164339.739902
[2018-04-07T16:43:39+05:30] INFO: file[C:/Standon.txt] updated file contents C:/Standon.txt
[2018-04-07T16:43:39+05:30] INFO: Processing template[C:/Standon.txt] action create (filewrite::default line 11)
[2018-04-07T16:43:39+05:30] INFO: template[C:/Standon.txt] backed up to c:\chef\chef-repo\local-mode-cache\backup/Standon.txt.chef-20180407164339.755532
[2018-04-07T16:43:39+05:30] INFO: template[C:/Standon.txt] updated file contents C:/Standon.txt
[2018-04-07T16:43:39+05:30] INFO: Chef Run complete in 0.552759 seconds
[2018-04-07T16:43:39+05:30] INFO: Running report handlers
[2018-04-07T16:43:39+05:30] INFO: Report handlers complete
[2018-04-07T16:43:39+05:30] WARN: *****************************************
[2018-04-07T16:43:39+05:30] WARN: Did not find config file: C:/solo.rb, using command line options.
[2018-04-07T16:43:39+05:30] WARN: *****************************************
[2018-04-07T16:43:39+05:30] FATAL: Cannot load configuration from .\node.json
[2018-04-07T16:44:25+05:30] INFO: Started chef-zero at chefzero://localhost:1 with repository at C:/Chef/chef-repo
  One version per cookbook
  environments at C:/#C:/Chef/chef-repo/environments

[2018-04-07T16:44:25+05:30] INFO: *** Chef 13.8.5 ***
[2018-04-07T16:44:25+05:30] INFO: Platform: x64-mingw32
[2018-04-07T16:44:25+05:30] INFO: Chef-client pid: 75412
[2018-04-07T16:44:25+05:30] INFO: The plugin path C:\chef\ohai\plugins does not exist. Skipping...
[2018-04-07T16:44:31+05:30] INFO: Setting the run_list to ["recipe[filewrite::default]"] from CLI options
[2018-04-07T16:44:31+05:30] INFO: Run List is [recipe[filewrite::default]]
[2018-04-07T16:44:31+05:30] INFO: Run List expands to [filewrite::default]
[2018-04-07T16:44:31+05:30] INFO: Starting Chef Run for TAVDESK093.internal.tavisca.com
[2018-04-07T16:44:31+05:30] INFO: Running start handlers
[2018-04-07T16:44:31+05:30] INFO: Start handlers complete.
[2018-04-07T16:44:32+05:30] INFO: Loading cookbooks [filewrite@0.1.0]
[2018-04-07T16:44:32+05:30] INFO: Storing updated cookbooks/filewrite/recipes/default.rb in the cache.
[2018-04-07T16:44:32+05:30] INFO: Processing file[C:/Standon.txt] action create (filewrite::default line 6)
[2018-04-07T16:44:32+05:30] INFO: file[C:/Standon.txt] backed up to c:\chef\chef-repo\local-mode-cache\backup/Standon.txt.chef-20180407164432.358350
[2018-04-07T16:44:32+05:30] INFO: file[C:/Standon.txt] updated file contents C:/Standon.txt
[2018-04-07T16:44:32+05:30] INFO: Processing template[C:/Standon.txt] action create (filewrite::default line 11)
[2018-04-07T16:44:32+05:30] INFO: template[C:/Standon.txt] backed up to c:\chef\chef-repo\local-mode-cache\backup/Standon.txt.chef-20180407164432.389600
[2018-04-07T16:44:32+05:30] INFO: template[C:/Standon.txt] updated file contents C:/Standon.txt
[2018-04-07T16:44:32+05:30] INFO: Chef Run complete in 0.56582 seconds
[2018-04-07T16:44:32+05:30] INFO: Running report handlers
[2018-04-07T16:44:32+05:30] INFO: Report handlers complete
[2018-04-07T16:44:32+05:30] WARN: *****************************************
[2018-04-07T16:44:32+05:30] WARN: Did not find config file: C:/solo.rb, using command line options.
[2018-04-07T16:44:32+05:30] WARN: *****************************************
[2018-04-07T16:44:32+05:30] FATAL: Cannot load configuration from .\node.json
[2018-04-07T16:55:09+05:30] INFO: Started chef-zero at chefzero://localhost:1 with repository at C:/Chef/chef-repo
  One version per cookbook
  environments at C:/#C:/Chef/chef-repo/environments

[2018-04-07T16:55:09+05:30] INFO: *** Chef 13.8.5 ***
[2018-04-07T16:55:09+05:30] INFO: Platform: x64-mingw32
[2018-04-07T16:55:09+05:30] INFO: Chef-client pid: 75240
[2018-04-07T16:55:09+05:30] INFO: The plugin path C:\chef\ohai\plugins does not exist. Skipping...
[2018-04-07T16:55:16+05:30] INFO: Setting the run_list to ["recipe[filewrite::default]"] from CLI options
[2018-04-07T16:55:16+05:30] ERROR: Running exception handlers
[2018-04-07T16:55:16+05:30] ERROR: Exception handlers complete
[2018-04-07T16:55:16+05:30] FATAL: Stacktrace dumped to C:/Chef/chef-repo/.chef/cache/chef-stacktrace.out
[2018-04-07T16:55:16+05:30] FATAL: Please provide the contents of the stacktrace.out file if you file a bug report
[2018-04-07T16:55:16+05:30] FATAL: Net::HTTPServerException: 404 "Not Found"
[2018-04-07T16:58:18+05:30] INFO: Started chef-zero at chefzero://localhost:1 with repository at C:/Chef/chef-repo
  One version per cookbook
  environments at C:/#C:/Chef/chef-repo/environments

[2018-04-07T16:58:18+05:30] INFO: *** Chef 13.8.5 ***
[2018-04-07T16:58:18+05:30] INFO: Platform: x64-mingw32
[2018-04-07T16:58:18+05:30] INFO: Chef-client pid: 16856
[2018-04-07T16:58:18+05:30] INFO: The plugin path C:\chef\ohai\plugins does not exist. Skipping...
[2018-04-07T16:58:25+05:30] INFO: Setting the run_list to ["recipe[filewrite::default]"] from CLI options
[2018-04-07T16:58:25+05:30] ERROR: Running exception handlers
[2018-04-07T16:58:25+05:30] ERROR: Exception handlers complete
[2018-04-07T16:58:25+05:30] FATAL: Stacktrace dumped to C:/Chef/chef-repo/.chef/cache/chef-stacktrace.out
[2018-04-07T16:58:25+05:30] FATAL: Please provide the contents of the stacktrace.out file if you file a bug report
[2018-04-07T16:58:25+05:30] FATAL: Net::HTTPServerException: 404 "Not Found"
[2018-04-07T16:59:00+05:30] INFO: Started chef-zero at chefzero://localhost:1 with repository at C:/Chef/chef-repo
  One version per cookbook

[2018-04-07T16:59:00+05:30] INFO: *** Chef 13.8.5 ***
[2018-04-07T16:59:00+05:30] INFO: Platform: x64-mingw32
[2018-04-07T16:59:00+05:30] INFO: Chef-client pid: 76392
[2018-04-07T16:59:00+05:30] INFO: The plugin path C:\chef\ohai\plugins does not exist. Skipping...
[2018-04-07T16:59:06+05:30] INFO: Setting the run_list to ["recipe[filewrite::default]"] from CLI options
[2018-04-07T16:59:06+05:30] INFO: Run List is [recipe[filewrite::default]]
[2018-04-07T16:59:06+05:30] INFO: Run List expands to [filewrite::default]
[2018-04-07T16:59:06+05:30] INFO: Starting Chef Run for TAVDESK093.internal.tavisca.com
[2018-04-07T16:59:06+05:30] INFO: Running start handlers
[2018-04-07T16:59:06+05:30] INFO: Start handlers complete.
[2018-04-07T16:59:07+05:30] INFO: Loading cookbooks [filewrite@0.1.0]
[2018-04-07T16:59:07+05:30] INFO: Storing updated cookbooks/filewrite/attributes/file.rb in the cache.
[2018-04-07T16:59:07+05:30] INFO: Processing file[C:/Chef/trainee.txt] action create (filewrite::default line 6)
[2018-04-07T16:59:07+05:30] INFO: file[C:/Chef/trainee.txt] created file C:/Chef/trainee.txt
[2018-04-07T16:59:07+05:30] INFO: file[C:/Chef/trainee.txt] updated file contents C:/Chef/trainee.txt
[2018-04-07T16:59:07+05:30] INFO: Processing template[C:/Chef/trainee.txt] action create (filewrite::default line 11)
[2018-04-07T16:59:07+05:30] INFO: template[C:/Chef/trainee.txt] backed up to c:\chef\chef-repo\local-mode-cache\backup/Chef/trainee.txt.chef-20180407165907.189679
[2018-04-07T16:59:07+05:30] INFO: template[C:/Chef/trainee.txt] updated file contents C:/Chef/trainee.txt
[2018-04-07T16:59:07+05:30] INFO: Chef Run complete in 0.541139 seconds
[2018-04-07T16:59:07+05:30] INFO: Running report handlers
[2018-04-07T16:59:07+05:30] INFO: Report handlers complete
[2018-04-07T16:59:07+05:30] WARN: *****************************************
[2018-04-07T16:59:07+05:30] WARN: Did not find config file: C:/solo.rb, using command line options.
[2018-04-07T16:59:07+05:30] WARN: *****************************************
[2018-04-07T16:59:07+05:30] FATAL: Cannot load configuration from .\node.json
[2018-04-07T17:05:41+05:30] INFO: Started chef-zero at chefzero://localhost:1 with repository at C:/Chef/chef-repo
  One version per cookbook

[2018-04-07T17:05:42+05:30] INFO: *** Chef 13.8.5 ***
[2018-04-07T17:05:42+05:30] INFO: Platform: x64-mingw32
[2018-04-07T17:05:42+05:30] INFO: Chef-client pid: 56516
[2018-04-07T17:05:42+05:30] INFO: The plugin path C:\chef\ohai\plugins does not exist. Skipping...
[2018-04-07T17:05:48+05:30] INFO: Setting the run_list to ["recipe[filewrite::default]"] from CLI options
[2018-04-07T17:05:48+05:30] INFO: Run List is [recipe[filewrite::default]]
[2018-04-07T17:05:48+05:30] INFO: Run List expands to [filewrite::default]
[2018-04-07T17:05:48+05:30] INFO: Starting Chef Run for TAVDESK093.internal.tavisca.com
[2018-04-07T17:05:48+05:30] INFO: Running start handlers
[2018-04-07T17:05:48+05:30] INFO: Start handlers complete.
[2018-04-07T17:05:49+05:30] INFO: Loading cookbooks [filewrite@0.1.0]
[2018-04-07T17:05:49+05:30] INFO: Storing updated cookbooks/filewrite/recipes/default.rb in the cache.
[2018-04-07T17:05:49+05:30] INFO: Processing file[C:/Chef/trainee.txt] action create (filewrite::default line 6)
[2018-04-07T17:05:49+05:30] INFO: file[C:/Chef/trainee.txt] backed up to c:\chef\chef-repo\local-mode-cache\backup/Chef/trainee.txt.chef-20180407170549.286483
[2018-04-07T17:05:49+05:30] INFO: file[C:/Chef/trainee.txt] updated file contents C:/Chef/trainee.txt
[2018-04-07T17:05:49+05:30] INFO: Chef Run complete in 0.567083 seconds
[2018-04-07T17:05:49+05:30] INFO: Running report handlers
[2018-04-07T17:05:49+05:30] INFO: Report handlers complete
[2018-04-07T17:05:49+05:30] WARN: *****************************************
[2018-04-07T17:05:49+05:30] WARN: Did not find config file: C:/solo.rb, using command line options.
[2018-04-07T17:05:49+05:30] WARN: *****************************************
[2018-04-07T17:05:49+05:30] FATAL: Cannot load configuration from .\node.json
[2018-04-07T17:06:29+05:30] INFO: Started chef-zero at chefzero://localhost:1 with repository at C:/Chef/chef-repo
  One version per cookbook

[2018-04-07T17:06:29+05:30] INFO: *** Chef 13.8.5 ***
[2018-04-07T17:06:29+05:30] INFO: Platform: x64-mingw32
[2018-04-07T17:06:29+05:30] INFO: Chef-client pid: 77640
[2018-04-07T17:06:29+05:30] INFO: The plugin path C:\chef\ohai\plugins does not exist. Skipping...
[2018-04-07T17:06:35+05:30] INFO: Setting the run_list to ["recipe[filewrite::default]"] from CLI options
[2018-04-07T17:06:35+05:30] INFO: Run List is [recipe[filewrite::default]]
[2018-04-07T17:06:35+05:30] INFO: Run List expands to [filewrite::default]
[2018-04-07T17:06:35+05:30] INFO: Starting Chef Run for TAVDESK093.internal.tavisca.com
[2018-04-07T17:06:35+05:30] INFO: Running start handlers
[2018-04-07T17:06:35+05:30] INFO: Start handlers complete.
[2018-04-07T17:06:36+05:30] INFO: Loading cookbooks [filewrite@0.1.0]
[2018-04-07T17:06:36+05:30] INFO: Processing file[C:/Chef/trainee.txt] action create (filewrite::default line 6)
[2018-04-07T17:06:36+05:30] INFO: Chef Run complete in 0.52151 seconds
[2018-04-07T17:06:36+05:30] INFO: Running report handlers
[2018-04-07T17:06:36+05:30] INFO: Report handlers complete
[2018-04-07T17:06:36+05:30] WARN: *****************************************
[2018-04-07T17:06:36+05:30] WARN: Did not find config file: C:/solo.rb, using command line options.
[2018-04-07T17:06:36+05:30] WARN: *****************************************
[2018-04-07T17:06:36+05:30] FATAL: Cannot load configuration from .\node.json
